<?xml version="1.0" encoding="ISO-8859-1" ?>
<!DOCTYPE html PUBLIC "-//W3C//DTD XHTML 1.0 Strict//EN"
"http://www.w3.org/TR/xhtml1/DTD/xhtml1-strict.dtd">
<html xmlns="http://www.w3.org/1999/xhtml" xml:lang="" lang="">
<head>
  <meta http-equiv="Content-Type" content="text/html;charset=utf-8" />
  <meta name="description" content="TestNG unit test results." />
  <link href="css/bootstrap.min.css" rel="stylesheet" />
  <link href="css/reportngClass.css" rel="stylesheet" />
  <script type="text/javascript" src="js/reportngClass.js"></script>
  <script type="text/javascript" src="js/jquery-1.4.4.min.js"></script> 
  <script type="text/javascript" src="js/jquery.tablesorter.min.js"></script>
  <script type="text/javascript" src="js/json-min.js"></script>
  <script type="text/javascript">
	$(document).ready(function(){
		$('.tablesorter').tablesorter({sortList: [[0,0]]});
	});
  </script>
</head>
<body onload="doParse(); return false;" onkeypress="collapseExpand();">
<div class="well well-large">
	<b>Test Info</>
	<table class="table">
	  <tr>
	    <th>Test Name : </th>
	    <th>
	    	<div class="tooltipCustom">
	    		<img src="images/copy.png" width="10" height="15" alt="Copy to Clipboard" onclick="copyToClipboard('#testNameId')"/>
	    		<span class="tooltiptextCustom">Copy Test name</span>
			</div>
	    </th>
	    <th id="testNameId">Surefire test</th> 
	  </tr>
	  <tr>
	    <th>Test Class : </th>
	    <th>
	    	<div class="tooltipCustom">
	    		<img src="images/copy.png" width="10" height="15" alt="Copy to Clipboard" onclick="copyToClipboard('#testClassId')"/>
	    		<span class="tooltiptextCustom">Copy full path Class name</span>
			</div>
	    	<div class="tooltipCustom">
	    		<img src="images/copy.png" width="10" height="15" alt="Copy to Clipboard" onclick="copyToClipboard('#testClassNameId')"/>
	    		<span class="tooltiptextCustom">Copy Class name</span>
			</div>
	    </th> 
	    <th id="testClassId">pl.globallogic.configuration.SeleniumConfigurationVerificationTest<br>pl.globallogic.configuration.TestNGConfigurationVerificationTest<br>pl.globallogic.etsy.features.SearchFeatureVerificationTest<br>pl.globallogic.wdcapatibilities.BaseCapabilitiesDemoTest<br>pl.globallogic.wdcapatibilities.DrawCanvasDemoTest<br>pl.globallogic.wdcapatibilities.TimeoutDemoTest<br></th>
	    <th id="testClassNameId" hidden="true">SeleniumConfigurationVerificationTest<br>TestNGConfigurationVerificationTest<br>SearchFeatureVerificationTest<br>BaseCapabilitiesDemoTest<br>DrawCanvasDemoTest<br>TimeoutDemoTest<br></th>
	  </tr>
	  <tr>
	    <th>Suite Name : </th>
	    <th>
	    	<div class="tooltipCustom">
	    		<img src="images/copy.png" width="10" height="15" alt="Copy to Clipboard" onclick="copyToClipboard('#suiteNameId')"/>
	    		<span class="tooltiptextCustom">Copy Suite name</span>
			</div>
		</th>
	    <th id="suiteNameId">Surefire suite</th>
	  </tr>
	  <tr>
	    <th>Suite XML : </th>
	    <th>
	    	<div class="tooltipCustom">
	    		<img src="images/copy.png" width="10" height="15" alt="Copy to Clipboard" onclick="copyToClipboard('#suiteXMLId')"/>
	    		<span class="tooltiptextCustom">Copy Suite full path name</span>
			</div>
	    	<div class="tooltipCustom">
	    		<img src="images/copy.png" width="10" height="15" alt="Copy to Clipboard" onclick="copyToClipboard('#suiteXMLNameId')"/>
	    		<span class="tooltiptextCustom">Copy Suite file name</span>
			</div>
	    </th> 
	  	<th id="suiteXMLId">$utils.getSuiteXMLName($result)</th>
	  	<th id="suiteXMLNameId" hidden="true">$utils.getSuiteXMLFileName($result)</th>
	  </tr>
	  	  <tr>
	    <th>Total Time : </th>
	    <th></th>
	    <th>00:00:16</th> 
	  </tr>
	  <tr>
	    <th>Total Steps : </th>
	   	<th></th>
	    <th>7</th> 
	  </tr>
	  <tr>
	    <th>Status : </th>
	    <th></th>
	    <th><font color="red">FAIL</font></th> 
	  </tr>
	</table>
</div>
<div class="well well-large">
	<div class="row">
		<div class="col-xs-12">
	        <div class="text-right">
	            <button id="hideResults" type="button" class="btn-danger" onclick="collapseExpand(this);" onkeypress="collapseExpand(this);" class="btn pull-right" title="Click or Press Any key to collapse/expand All Failed Tests and Configuration Methods">Show Only Failures</button>
	        </div>
	    </div>
	</div>
	<table class="tablesorter" border="1">
		<thead>
		<tr>
		<th class="headerTime">Time</th>
		<th class="headerTime" width="12%">Info</th>
		<th class="headerTime" width="88%">Test</th>
		</tr>
		</thead>
		<tbody>
		
				
				
																				
											<tr>
	<td class="time">1693494680352</td>
	<td class="header failed" colspan="4" onClick="toggleElement('a46e97ce-91d6-4232-b6ec-369ec59ef080','block');changeSingleIcon('span-a46e97ce-91d6-4232-b6ec-369ec59ef080');" title="Click to expand/collapse" style="cursor: pointer;">
	<div style="float:left;"><i>Class&nbsp;:&nbsp;</i>pl.globallogic.wdcapatibilities.DrawCanvasDemoTest</div>
	<div style="float:right;">@Test @ with DataProvider : [""] &nbsp;&nbsp;<span id='span-a46e97ce-91d6-4232-b6ec-369ec59ef080' class="glyphicon glyphicon-menu-down"></span></div>
	</td>
	</tr>
<tr>
	<td class="time">1693494680352</td>
	<td class="methodTest">
		<span class="description"><b>Method: </b>shouldDrawCircleInCanvas</span><br>
			<span class="description"><b>Description: </b></span><br>
							<span class="duration"><b>Duration: </b>0,017s</span><br>
	</td>
	<td class="result">
						<div class="noCollapse" id="a46e97ce-91d6-4232-b6ec-369ec59ef080" style="display: block;">
						<a href="javascript:toggleElement('exception-a46e97ce-91d6-4232-b6ec-369ec59ef080','block')" title="Click to expand/collapse"><b>org.openqa.selenium.InvalidArgumentException: invalid argument<br/>
&nbsp; (Session info: chrome=116.0.5845.112)<br/>
Build info: version: &apos;4.11.0&apos;, revision: &apos;040bc5406b&apos;<br/>
System info: os.name: &apos;Windows 10&apos;, os.arch: &apos;amd64&apos;, os.version: &apos;10.0&apos;, java.version: &apos;20.0.2&apos;<br/>
Driver info: org.openqa.selenium.chrome.ChromeDriver<br/>
Command: [b1788bcd7b07a6eede8969e448d39e55, get {url=draw-in-canvas.html}]<br/>
Capabilities {acceptInsecureCerts: false, browserName: chrome, browserVersion: 116.0.5845.112, chrome: {chromedriverVersion: 116.0.5845.96 (1a3918166880..., userDataDir: C:\Users\mateu\AppData\Loca...}, fedcm:accounts: true, goog:chromeOptions: {debuggerAddress: localhost:10538}, networkConnectionEnabled: false, pageLoadStrategy: normal, platformName: windows, proxy: Proxy(), se:cdp: ws://localhost:10538/devtoo..., se:cdpVersion: 116.0.5845.112, setWindowRect: true, strictFileInteractability: false, timeouts: {implicit: 0, pageLoad: 300000, script: 30000}, unhandledPromptBehavior: dismiss and notify, webauthn:extension:credBlob: true, webauthn:extension:largeBlob: true, webauthn:extension:minPinLength: true, webauthn:extension:prf: true, webauthn:virtualAuthenticators: true}<br/>
Session ID: b1788bcd7b07a6eede8969e448d39e55</b></a><br/>
		<div class="stackTrace" id="exception-a46e97ce-91d6-4232-b6ec-369ec59ef080">
					java.base/jdk.internal.reflect.DirectConstructorHandleAccessor.newInstance(DirectConstructorHandleAccessor.java:67)<br/>
					java.base/java.lang.reflect.Constructor.newInstanceWithCaller(Constructor.java:500)<br/>
					java.base/java.lang.reflect.Constructor.newInstance(Constructor.java:484)<br/>
					org.openqa.selenium.remote.codec.w3c.W3CHttpResponseCodec.createException(W3CHttpResponseCodec.java:200)<br/>
					org.openqa.selenium.remote.codec.w3c.W3CHttpResponseCodec.decode(W3CHttpResponseCodec.java:133)<br/>
					org.openqa.selenium.remote.codec.w3c.W3CHttpResponseCodec.decode(W3CHttpResponseCodec.java:52)<br/>
					org.openqa.selenium.remote.HttpCommandExecutor.execute(HttpCommandExecutor.java:191)<br/>
					org.openqa.selenium.remote.service.DriverCommandExecutor.invokeExecute(DriverCommandExecutor.java:196)<br/>
					org.openqa.selenium.remote.service.DriverCommandExecutor.execute(DriverCommandExecutor.java:171)<br/>
					org.openqa.selenium.remote.RemoteWebDriver.execute(RemoteWebDriver.java:518)<br/>
					org.openqa.selenium.remote.RemoteWebDriver.get(RemoteWebDriver.java:300)<br/>
					pl.globallogic.wdcapatibilities.DrawCanvasDemoTest.shouldDrawCircleInCanvas(DrawCanvasDemoTest.java:12)<br/>
					java.base/jdk.internal.reflect.DirectMethodHandleAccessor.invoke(DirectMethodHandleAccessor.java:104)<br/>
					java.base/java.lang.reflect.Method.invoke(Method.java:578)<br/>
					org.testng.internal.invokers.MethodInvocationHelper.invokeMethod(MethodInvocationHelper.java:139)<br/>
					org.testng.internal.invokers.TestInvoker.invokeMethod(TestInvoker.java:664)<br/>
					org.testng.internal.invokers.TestInvoker.invokeTestMethod(TestInvoker.java:227)<br/>
					org.testng.internal.invokers.MethodRunner.runInSequence(MethodRunner.java:50)<br/>
					org.testng.internal.invokers.TestInvoker$MethodInvocationAgent.invoke(TestInvoker.java:957)<br/>
					org.testng.internal.invokers.TestInvoker.invokeTestMethods(TestInvoker.java:200)<br/>
					org.testng.internal.invokers.TestMethodWorker.invokeTestMethods(TestMethodWorker.java:148)<br/>
					org.testng.internal.invokers.TestMethodWorker.run(TestMethodWorker.java:128)<br/>
					java.base/java.util.ArrayList.forEach(ArrayList.java:1511)<br/>
					org.testng.TestRunner.privateRun(TestRunner.java:848)<br/>
					org.testng.TestRunner.run(TestRunner.java:621)<br/>
					org.testng.SuiteRunner.runTest(SuiteRunner.java:443)<br/>
					org.testng.SuiteRunner.runSequentially(SuiteRunner.java:437)<br/>
					org.testng.SuiteRunner.privateRun(SuiteRunner.java:397)<br/>
					org.testng.SuiteRunner.run(SuiteRunner.java:336)<br/>
					org.testng.SuiteRunnerWorker.runSuite(SuiteRunnerWorker.java:52)<br/>
					org.testng.SuiteRunnerWorker.run(SuiteRunnerWorker.java:95)<br/>
					org.testng.TestNG.runSuitesSequentially(TestNG.java:1280)<br/>
					org.testng.TestNG.runSuitesLocally(TestNG.java:1200)<br/>
					org.testng.TestNG.runSuites(TestNG.java:1114)<br/>
					org.testng.TestNG.run(TestNG.java:1082)<br/>
					org.apache.maven.surefire.testng.TestNGExecutor.run(TestNGExecutor.java:155)<br/>
					org.apache.maven.surefire.testng.TestNGDirectoryTestSuite.executeMulti(TestNGDirectoryTestSuite.java:169)<br/>
					org.apache.maven.surefire.testng.TestNGDirectoryTestSuite.execute(TestNGDirectoryTestSuite.java:88)<br/>
					org.apache.maven.surefire.testng.TestNGProvider.invoke(TestNGProvider.java:137)<br/>
					org.apache.maven.surefire.booter.ForkedBooter.runSuitesInProcess(ForkedBooter.java:385)<br/>
					org.apache.maven.surefire.booter.ForkedBooter.execute(ForkedBooter.java:162)<br/>
					org.apache.maven.surefire.booter.ForkedBooter.run(ForkedBooter.java:507)<br/>
					org.apache.maven.surefire.booter.ForkedBooter.main(ForkedBooter.java:495)<br/>
						</div>
		</td>
	</div>
</tr>
									<tr>
	<td class="time">1693494681985</td>
	<td class="header failed" colspan="4" onClick="toggleElement('26af372c-55dc-4fcb-8ed1-51b12b3ea410','block');changeSingleIcon('span-26af372c-55dc-4fcb-8ed1-51b12b3ea410');" title="Click to expand/collapse" style="cursor: pointer;">
	<div style="float:left;"><i>Class&nbsp;:&nbsp;</i>pl.globallogic.wdcapatibilities.TimeoutDemoTest</div>
	<div style="float:right;">@Test @ with DataProvider : [""] &nbsp;&nbsp;<span id='span-26af372c-55dc-4fcb-8ed1-51b12b3ea410' class="glyphicon glyphicon-menu-down"></span></div>
	</td>
	</tr>
<tr>
	<td class="time">1693494681985</td>
	<td class="methodTest">
		<span class="description"><b>Method: </b>shouldWaitUntilCalculationResultWillBePresent</span><br>
			<span class="description"><b>Description: </b></span><br>
							<span class="duration"><b>Duration: </b>0,008s</span><br>
	</td>
	<td class="result">
						<div class="noCollapse" id="26af372c-55dc-4fcb-8ed1-51b12b3ea410" style="display: block;">
						<a href="javascript:toggleElement('exception-26af372c-55dc-4fcb-8ed1-51b12b3ea410','block')" title="Click to expand/collapse"><b>org.openqa.selenium.InvalidArgumentException: invalid argument<br/>
&nbsp; (Session info: chrome=116.0.5845.112)<br/>
Build info: version: &apos;4.11.0&apos;, revision: &apos;040bc5406b&apos;<br/>
System info: os.name: &apos;Windows 10&apos;, os.arch: &apos;amd64&apos;, os.version: &apos;10.0&apos;, java.version: &apos;20.0.2&apos;<br/>
Driver info: org.openqa.selenium.chrome.ChromeDriver<br/>
Command: [329c9eb469ad8a025f82ee367a979c49, get {url=slow-calculator.html}]<br/>
Capabilities {acceptInsecureCerts: false, browserName: chrome, browserVersion: 116.0.5845.112, chrome: {chromedriverVersion: 116.0.5845.96 (1a3918166880..., userDataDir: C:\Users\mateu\AppData\Loca...}, fedcm:accounts: true, goog:chromeOptions: {debuggerAddress: localhost:10564}, networkConnectionEnabled: false, pageLoadStrategy: normal, platformName: windows, proxy: Proxy(), se:cdp: ws://localhost:10564/devtoo..., se:cdpVersion: 116.0.5845.112, setWindowRect: true, strictFileInteractability: false, timeouts: {implicit: 0, pageLoad: 300000, script: 30000}, unhandledPromptBehavior: dismiss and notify, webauthn:extension:credBlob: true, webauthn:extension:largeBlob: true, webauthn:extension:minPinLength: true, webauthn:extension:prf: true, webauthn:virtualAuthenticators: true}<br/>
Session ID: 329c9eb469ad8a025f82ee367a979c49</b></a><br/>
		<div class="stackTrace" id="exception-26af372c-55dc-4fcb-8ed1-51b12b3ea410">
					java.base/jdk.internal.reflect.DirectConstructorHandleAccessor.newInstance(DirectConstructorHandleAccessor.java:67)<br/>
					java.base/java.lang.reflect.Constructor.newInstanceWithCaller(Constructor.java:500)<br/>
					java.base/java.lang.reflect.Constructor.newInstance(Constructor.java:484)<br/>
					org.openqa.selenium.remote.codec.w3c.W3CHttpResponseCodec.createException(W3CHttpResponseCodec.java:200)<br/>
					org.openqa.selenium.remote.codec.w3c.W3CHttpResponseCodec.decode(W3CHttpResponseCodec.java:133)<br/>
					org.openqa.selenium.remote.codec.w3c.W3CHttpResponseCodec.decode(W3CHttpResponseCodec.java:52)<br/>
					org.openqa.selenium.remote.HttpCommandExecutor.execute(HttpCommandExecutor.java:191)<br/>
					org.openqa.selenium.remote.service.DriverCommandExecutor.invokeExecute(DriverCommandExecutor.java:196)<br/>
					org.openqa.selenium.remote.service.DriverCommandExecutor.execute(DriverCommandExecutor.java:171)<br/>
					org.openqa.selenium.remote.RemoteWebDriver.execute(RemoteWebDriver.java:518)<br/>
					org.openqa.selenium.remote.RemoteWebDriver.get(RemoteWebDriver.java:300)<br/>
					pl.globallogic.wdcapatibilities.TimeoutDemoTest.shouldWaitUntilCalculationResultWillBePresent(TimeoutDemoTest.java:25)<br/>
					java.base/jdk.internal.reflect.DirectMethodHandleAccessor.invoke(DirectMethodHandleAccessor.java:104)<br/>
					java.base/java.lang.reflect.Method.invoke(Method.java:578)<br/>
					org.testng.internal.invokers.MethodInvocationHelper.invokeMethod(MethodInvocationHelper.java:139)<br/>
					org.testng.internal.invokers.TestInvoker.invokeMethod(TestInvoker.java:664)<br/>
					org.testng.internal.invokers.TestInvoker.invokeTestMethod(TestInvoker.java:227)<br/>
					org.testng.internal.invokers.MethodRunner.runInSequence(MethodRunner.java:50)<br/>
					org.testng.internal.invokers.TestInvoker$MethodInvocationAgent.invoke(TestInvoker.java:957)<br/>
					org.testng.internal.invokers.TestInvoker.invokeTestMethods(TestInvoker.java:200)<br/>
					org.testng.internal.invokers.TestMethodWorker.invokeTestMethods(TestMethodWorker.java:148)<br/>
					org.testng.internal.invokers.TestMethodWorker.run(TestMethodWorker.java:128)<br/>
					java.base/java.util.ArrayList.forEach(ArrayList.java:1511)<br/>
					org.testng.TestRunner.privateRun(TestRunner.java:848)<br/>
					org.testng.TestRunner.run(TestRunner.java:621)<br/>
					org.testng.SuiteRunner.runTest(SuiteRunner.java:443)<br/>
					org.testng.SuiteRunner.runSequentially(SuiteRunner.java:437)<br/>
					org.testng.SuiteRunner.privateRun(SuiteRunner.java:397)<br/>
					org.testng.SuiteRunner.run(SuiteRunner.java:336)<br/>
					org.testng.SuiteRunnerWorker.runSuite(SuiteRunnerWorker.java:52)<br/>
					org.testng.SuiteRunnerWorker.run(SuiteRunnerWorker.java:95)<br/>
					org.testng.TestNG.runSuitesSequentially(TestNG.java:1280)<br/>
					org.testng.TestNG.runSuitesLocally(TestNG.java:1200)<br/>
					org.testng.TestNG.runSuites(TestNG.java:1114)<br/>
					org.testng.TestNG.run(TestNG.java:1082)<br/>
					org.apache.maven.surefire.testng.TestNGExecutor.run(TestNGExecutor.java:155)<br/>
					org.apache.maven.surefire.testng.TestNGDirectoryTestSuite.executeMulti(TestNGDirectoryTestSuite.java:169)<br/>
					org.apache.maven.surefire.testng.TestNGDirectoryTestSuite.execute(TestNGDirectoryTestSuite.java:88)<br/>
					org.apache.maven.surefire.testng.TestNGProvider.invoke(TestNGProvider.java:137)<br/>
					org.apache.maven.surefire.booter.ForkedBooter.runSuitesInProcess(ForkedBooter.java:385)<br/>
					org.apache.maven.surefire.booter.ForkedBooter.execute(ForkedBooter.java:162)<br/>
					org.apache.maven.surefire.booter.ForkedBooter.run(ForkedBooter.java:507)<br/>
					org.apache.maven.surefire.booter.ForkedBooter.main(ForkedBooter.java:495)<br/>
						</div>
		</td>
	</div>
</tr>
					<tr>
	<td class="time">1693494681187</td>
	<td class="header failed" colspan="4" onClick="toggleElement('4e9b81ba-eeec-41d3-91de-a16bf9dfac31','block');changeSingleIcon('span-4e9b81ba-eeec-41d3-91de-a16bf9dfac31');" title="Click to expand/collapse" style="cursor: pointer;">
	<div style="float:left;"><i>Class&nbsp;:&nbsp;</i>pl.globallogic.wdcapatibilities.TimeoutDemoTest</div>
	<div style="float:right;">@Test @ with DataProvider : [""] &nbsp;&nbsp;<span id='span-4e9b81ba-eeec-41d3-91de-a16bf9dfac31' class="glyphicon glyphicon-menu-down"></span></div>
	</td>
	</tr>
<tr>
	<td class="time">1693494681187</td>
	<td class="methodTest">
		<span class="description"><b>Method: </b>shouldWaitForLandingPageImageToBeVisible</span><br>
			<span class="description"><b>Description: </b></span><br>
							<span class="duration"><b>Duration: </b>0,008s</span><br>
	</td>
	<td class="result">
						<div class="noCollapse" id="4e9b81ba-eeec-41d3-91de-a16bf9dfac31" style="display: block;">
						<a href="javascript:toggleElement('exception-4e9b81ba-eeec-41d3-91de-a16bf9dfac31','block')" title="Click to expand/collapse"><b>org.openqa.selenium.InvalidArgumentException: invalid argument<br/>
&nbsp; (Session info: chrome=116.0.5845.112)<br/>
Build info: version: &apos;4.11.0&apos;, revision: &apos;040bc5406b&apos;<br/>
System info: os.name: &apos;Windows 10&apos;, os.arch: &apos;amd64&apos;, os.version: &apos;10.0&apos;, java.version: &apos;20.0.2&apos;<br/>
Driver info: org.openqa.selenium.chrome.ChromeDriver<br/>
Command: [5e02e25ba7e40d7442d87e370e973977, get {url=loading-images.html}]<br/>
Capabilities {acceptInsecureCerts: false, browserName: chrome, browserVersion: 116.0.5845.112, chrome: {chromedriverVersion: 116.0.5845.96 (1a3918166880..., userDataDir: C:\Users\mateu\AppData\Loca...}, fedcm:accounts: true, goog:chromeOptions: {debuggerAddress: localhost:10552}, networkConnectionEnabled: false, pageLoadStrategy: normal, platformName: windows, proxy: Proxy(), se:cdp: ws://localhost:10552/devtoo..., se:cdpVersion: 116.0.5845.112, setWindowRect: true, strictFileInteractability: false, timeouts: {implicit: 0, pageLoad: 300000, script: 30000}, unhandledPromptBehavior: dismiss and notify, webauthn:extension:credBlob: true, webauthn:extension:largeBlob: true, webauthn:extension:minPinLength: true, webauthn:extension:prf: true, webauthn:virtualAuthenticators: true}<br/>
Session ID: 5e02e25ba7e40d7442d87e370e973977</b></a><br/>
		<div class="stackTrace" id="exception-4e9b81ba-eeec-41d3-91de-a16bf9dfac31">
					java.base/jdk.internal.reflect.DirectConstructorHandleAccessor.newInstance(DirectConstructorHandleAccessor.java:67)<br/>
					java.base/java.lang.reflect.Constructor.newInstanceWithCaller(Constructor.java:500)<br/>
					java.base/java.lang.reflect.Constructor.newInstance(Constructor.java:484)<br/>
					org.openqa.selenium.remote.codec.w3c.W3CHttpResponseCodec.createException(W3CHttpResponseCodec.java:200)<br/>
					org.openqa.selenium.remote.codec.w3c.W3CHttpResponseCodec.decode(W3CHttpResponseCodec.java:133)<br/>
					org.openqa.selenium.remote.codec.w3c.W3CHttpResponseCodec.decode(W3CHttpResponseCodec.java:52)<br/>
					org.openqa.selenium.remote.HttpCommandExecutor.execute(HttpCommandExecutor.java:191)<br/>
					org.openqa.selenium.remote.service.DriverCommandExecutor.invokeExecute(DriverCommandExecutor.java:196)<br/>
					org.openqa.selenium.remote.service.DriverCommandExecutor.execute(DriverCommandExecutor.java:171)<br/>
					org.openqa.selenium.remote.RemoteWebDriver.execute(RemoteWebDriver.java:518)<br/>
					org.openqa.selenium.remote.RemoteWebDriver.get(RemoteWebDriver.java:300)<br/>
					pl.globallogic.wdcapatibilities.TimeoutDemoTest.shouldWaitForLandingPageImageToBeVisible(TimeoutDemoTest.java:17)<br/>
					java.base/jdk.internal.reflect.DirectMethodHandleAccessor.invoke(DirectMethodHandleAccessor.java:104)<br/>
					java.base/java.lang.reflect.Method.invoke(Method.java:578)<br/>
					org.testng.internal.invokers.MethodInvocationHelper.invokeMethod(MethodInvocationHelper.java:139)<br/>
					org.testng.internal.invokers.TestInvoker.invokeMethod(TestInvoker.java:664)<br/>
					org.testng.internal.invokers.TestInvoker.invokeTestMethod(TestInvoker.java:227)<br/>
					org.testng.internal.invokers.MethodRunner.runInSequence(MethodRunner.java:50)<br/>
					org.testng.internal.invokers.TestInvoker$MethodInvocationAgent.invoke(TestInvoker.java:957)<br/>
					org.testng.internal.invokers.TestInvoker.invokeTestMethods(TestInvoker.java:200)<br/>
					org.testng.internal.invokers.TestMethodWorker.invokeTestMethods(TestMethodWorker.java:148)<br/>
					org.testng.internal.invokers.TestMethodWorker.run(TestMethodWorker.java:128)<br/>
					java.base/java.util.ArrayList.forEach(ArrayList.java:1511)<br/>
					org.testng.TestRunner.privateRun(TestRunner.java:848)<br/>
					org.testng.TestRunner.run(TestRunner.java:621)<br/>
					org.testng.SuiteRunner.runTest(SuiteRunner.java:443)<br/>
					org.testng.SuiteRunner.runSequentially(SuiteRunner.java:437)<br/>
					org.testng.SuiteRunner.privateRun(SuiteRunner.java:397)<br/>
					org.testng.SuiteRunner.run(SuiteRunner.java:336)<br/>
					org.testng.SuiteRunnerWorker.runSuite(SuiteRunnerWorker.java:52)<br/>
					org.testng.SuiteRunnerWorker.run(SuiteRunnerWorker.java:95)<br/>
					org.testng.TestNG.runSuitesSequentially(TestNG.java:1280)<br/>
					org.testng.TestNG.runSuitesLocally(TestNG.java:1200)<br/>
					org.testng.TestNG.runSuites(TestNG.java:1114)<br/>
					org.testng.TestNG.run(TestNG.java:1082)<br/>
					org.apache.maven.surefire.testng.TestNGExecutor.run(TestNGExecutor.java:155)<br/>
					org.apache.maven.surefire.testng.TestNGDirectoryTestSuite.executeMulti(TestNGDirectoryTestSuite.java:169)<br/>
					org.apache.maven.surefire.testng.TestNGDirectoryTestSuite.execute(TestNGDirectoryTestSuite.java:88)<br/>
					org.apache.maven.surefire.testng.TestNGProvider.invoke(TestNGProvider.java:137)<br/>
					org.apache.maven.surefire.booter.ForkedBooter.runSuitesInProcess(ForkedBooter.java:385)<br/>
					org.apache.maven.surefire.booter.ForkedBooter.execute(ForkedBooter.java:162)<br/>
					org.apache.maven.surefire.booter.ForkedBooter.run(ForkedBooter.java:507)<br/>
					org.apache.maven.surefire.booter.ForkedBooter.main(ForkedBooter.java:495)<br/>
						</div>
		</td>
	</div>
</tr>
						
				
												<tr>
			<td class="time">1693494665162</td>
			<td class="header passed" colspan="4" onClick="toggleElement('f6301ea3-73a9-48fc-a5a9-a251ed67eebe','block');changeSingleIcon('span-f6301ea3-73a9-48fc-a5a9-a251ed67eebe');" title="Click to expand/collapse" style="cursor: pointer;">
			<div style="float:left;"><i>Class&nbsp;:&nbsp;</i>pl.globallogic.configuration.SeleniumConfigurationVerificationTest</div>
			<div style="float:right;">@Test @ with DataProvider : [""] &nbsp;&nbsp;<span id='span-f6301ea3-73a9-48fc-a5a9-a251ed67eebe' class="glyphicon glyphicon-menu-down"></span></div>
			</td>
			</tr>
			<tr>
	<td class="time">1693494665162</td>
	<td class="methodTest">
		<span class="description"><b>Method: </b>shouldNavigateToGoogleComAndVerifyPageTitle</span><br>
			<span class="description"><b>Description: </b></span><br>
							<span class="duration"><b>Duration: </b>2,987s</span><br>
	</td>
	<td class="result">
						<div class="stackTrace" id="f6301ea3-73a9-48fc-a5a9-a251ed67eebe" style="display: block;">
					</td>
	</div>
</tr>
										<tr>
			<td class="time">1693494668154</td>
			<td class="header passed" colspan="4" onClick="toggleElement('67750480-b855-4155-844f-95467f8be17c','block');changeSingleIcon('span-67750480-b855-4155-844f-95467f8be17c');" title="Click to expand/collapse" style="cursor: pointer;">
			<div style="float:left;"><i>Class&nbsp;:&nbsp;</i>pl.globallogic.configuration.TestNGConfigurationVerificationTest</div>
			<div style="float:right;">@Test @ with DataProvider : [""] &nbsp;&nbsp;<span id='span-67750480-b855-4155-844f-95467f8be17c' class="glyphicon glyphicon-menu-down"></span></div>
			</td>
			</tr>
			<tr>
	<td class="time">1693494668154</td>
	<td class="methodTest">
		<span class="description"><b>Method: </b>shouldAlwaysBeTrue</span><br>
			<span class="description"><b>Description: </b></span><br>
							<span class="duration"><b>Duration: </b>0,001s</span><br>
	</td>
	<td class="result">
						<div class="stackTrace" id="67750480-b855-4155-844f-95467f8be17c" style="display: block;">
					</td>
	</div>
</tr>
										<tr>
			<td class="time">1693494674592</td>
			<td class="header passed" colspan="4" onClick="toggleElement('65313f8b-f570-4879-b339-d811550a39ce','block');changeSingleIcon('span-65313f8b-f570-4879-b339-d811550a39ce');" title="Click to expand/collapse" style="cursor: pointer;">
			<div style="float:left;"><i>Class&nbsp;:&nbsp;</i>pl.globallogic.etsy.features.SearchFeatureVerificationTest</div>
			<div style="float:right;">@Test @ with DataProvider : [""] &nbsp;&nbsp;<span id='span-65313f8b-f570-4879-b339-d811550a39ce' class="glyphicon glyphicon-menu-down"></span></div>
			</td>
			</tr>
			<tr>
	<td class="time">1693494674592</td>
	<td class="methodTest">
		<span class="description"><b>Method: </b>shouldDisplaySearchResultsForValidQuery</span><br>
			<span class="description"><b>Description: </b></span><br>
							<span class="duration"><b>Duration: </b>4,671s</span><br>
	</td>
	<td class="result">
						<div class="stackTrace" id="65313f8b-f570-4879-b339-d811550a39ce" style="display: block;">
					</td>
	</div>
</tr>
						<tr>
			<td class="time">1693494669329</td>
			<td class="header passed" colspan="4" onClick="toggleElement('7f254526-90cf-44f3-9592-c0b6c833dc41','block');changeSingleIcon('span-7f254526-90cf-44f3-9592-c0b6c833dc41');" title="Click to expand/collapse" style="cursor: pointer;">
			<div style="float:left;"><i>Class&nbsp;:&nbsp;</i>pl.globallogic.etsy.features.SearchFeatureVerificationTest</div>
			<div style="float:right;">@Test @ with DataProvider : [""] &nbsp;&nbsp;<span id='span-7f254526-90cf-44f3-9592-c0b6c833dc41' class="glyphicon glyphicon-menu-down"></span></div>
			</td>
			</tr>
			<tr>
	<td class="time">1693494669329</td>
	<td class="methodTest">
		<span class="description"><b>Method: </b>shouldDisplayNotFoundPageForInvalidQuery</span><br>
			<span class="description"><b>Description: </b></span><br>
							<span class="duration"><b>Duration: </b>4,148s</span><br>
	</td>
	<td class="result">
						<div class="stackTrace" id="7f254526-90cf-44f3-9592-c0b6c833dc41" style="display: block;">
					</td>
	</div>
</tr>
					  
	</tbody>
	</table>
</div>
</body>
</html>
